<?xml version="1.0" encoding="UTF-8"?>
<!-- Generated by org.testng.reporters.JUnitReportReporter -->
<testsuite hostname="DESKTOP-6242J83" failures="0" tests="2" name="curs17.BeforeAfterAnnotations" time="0.010" errors="0" timestamp="2023-07-31T10:20:29 EEST" skipped="0">
  <testcase classname="curs17.BeforeAfterAnnotations" name="test1" time="0.008"/>
  <testcase classname="curs17.BeforeAfterAnnotations" name="test2" time="0.002"/>
</testsuite> <!-- curs17.BeforeAfterAnnotations -->
