<?xml version="1.0" encoding="UTF-8"?>
<!-- Generated by org.testng.reporters.JUnitReportReporter -->
<testsuite hostname="DESKTOP-6242J83" failures="0" tests="5" name="curs17.TestPriority" time="0.014" errors="0" timestamp="2023-07-31T10:10:02 EEST" skipped="0">
  <testcase classname="curs17.TestPriority" name="four" time="0.001"/>
  <testcase classname="curs17.TestPriority" name="five" time="0.011"/>
  <testcase classname="curs17.TestPriority" name="one" time="0.000"/>
  <testcase classname="curs17.TestPriority" name="two" time="0.001"/>
  <testcase classname="curs17.TestPriority" name="three" time="0.001"/>
</testsuite> <!-- curs17.TestPriority -->
