<?xml version="1.0" encoding="UTF-8"?>
<!-- Generated by org.testng.reporters.JUnitReportReporter -->
<testsuite hostname="DESKTOP-6242J83" failures="0" tests="3" name="curs17.TestAnnotation" time="0.010" errors="0" timestamp="2023-07-31T09:50:12 EEST" skipped="0">
  <testcase classname="curs17.TestAnnotation" name="test3" time="0.001"/>
  <testcase classname="curs17.TestAnnotation" name="test1" time="0.008"/>
  <testcase classname="curs17.TestAnnotation" name="test2" time="0.001"/>
</testsuite> <!-- curs17.TestAnnotation -->
